<?xml version="1.0" encoding="UTF-8"?>
<!-- Generated by org.testng.reporters.JUnitXMLReporter -->
<testsuite ignored="0" hostname="LAPTOP-ACKL0PJI" failures="0" tests="4" name="Default test" time="82.883" errors="0" timestamp="2024-06-10T00:59:45 BST">
  <testcase classname="StepDefenition.TestLogin" name="poslogin" time="1.377"/>
  <testcase classname="StepDefenition.TestLogin" name="negInvalidCredentials" time="3.421"/>
  <testcase classname="StepDefenition.TestLogin" name="poslogin2" time="3.401"/>
  <testcase classname="StepDefenition.TestLogin" name="blankCredentials" time="3.286"/>
</testsuite> <!-- Default test -->
