<?xml version="1.0" encoding="UTF-8"?>
<!-- Generated by org.testng.reporters.JUnitXMLReporter -->
<testsuite ignored="0" hostname="DESKTOP-O7N67F6" failures="0" tests="5" name="Test" time="177.914" errors="0" timestamp="2024-06-10T10:14:21 IST">
  <testcase classname="StepDefenition.TestCourses" name="searchCourses" time="31.98"/>
  <testcase classname="StepDefenition.TestCourses" name="searchCourses" time="30.061"/>
  <testcase classname="StepDefenition.TestRegList" name="testRegistrationIncreasesCount" time="51.396"/>
  <testcase classname="StepDefenition.TestRegList" name="viewRegList" time="31.172"/>
  <testcase classname="StepDefenition.TestRegList" name="downloadFile" time="11.584"/>
</testsuite> <!-- Test -->
