<?xml version="1.0" encoding="UTF-8"?>
<!-- Generated by org.testng.reporters.JUnitXMLReporter -->
<testsuite ignored="6" hostname="LAPTOP-ACKL0PJI" failures="6" tests="10" name="Test" time="62.549" errors="0" timestamp="2024-06-09T22:01:30 BST">
  <testcase classname="StepDefenition.TestLogin" name="poslogin" time="1.5"/>
  <testcase classname="StepDefenition.TestLogin" name="negLoginInvalidCredentials" time="3.625"/>
  <testcase classname="StepDefenition.TestLogin" name="poslogin2" time="3.409"/>
  <testcase classname="StepDefenition.TestLogin" name="blankCredentials" time="3.31"/>
  <testcase classname="StepDefenition.TestContact" name="clickContactLink" time="1.123">
    <failure type="org.openqa.selenium.ElementClickInterceptedException" message="element click intercepted: Element &amp;lt;a _ngcontent-kip-c32=&amp;quot;&amp;quot; routerlink=&amp;quot;/LandingPage/contactus&amp;quot; id=&amp;quot;dropdownMenuPages&amp;quot; data-bs-toggle=&amp;quot;dropdown&amp;quot; aria-expanded=&amp;quot;false&amp;quot; class=&amp;quot;nav-link ps-2 d-flex cursor-pointer align-items-center&amp;quot; href=&amp;quot;/LandingPage/contactus&amp;quot;&amp;gt;...&amp;lt;/a&amp;gt; is not clickable at point (1004, 44). Other element would receive the click: &amp;lt;div _ngcontent-kip-c32=&amp;quot;&amp;quot; id=&amp;quot;exampleModalForm&amp;quot; tabindex=&amp;quot;-1&amp;quot; aria-labelledby=&amp;quot;exampleModalForm&amp;quot; class=&amp;quot;modal fade show&amp;quot; aria-modal=&amp;quot;true&amp;quot; role=&amp;quot;dialog&amp;quot; style=&amp;quot;display: block;&amp;quot;&amp;gt;...&amp;lt;/div&amp;gt;
  (Session info: chrome=125.0.6422.142)
Build info: version: &amp;apos;4.20.0&amp;apos;, revision: &amp;apos;866c76ca80&amp;apos;
System info: os.name: &amp;apos;Windows 11&amp;apos;, os.arch: &amp;apos;amd64&amp;apos;, os.version: &amp;apos;10.0&amp;apos;, java.version: &amp;apos;21.0.1&amp;apos;
Driver info: org.openqa.selenium.chrome.ChromeDriver
Command: [db4b1d40f3891a75f263188c68156b9d, clickElement {id=f.75AFE139476CDBE1E622D6AD61632761.d.2461CEFF4E5A7E7A8685A5A45FC0E9F4.e.84}]
Capabilities {acceptInsecureCerts: false, browserName: chrome, browserVersion: 125.0.6422.142, chrome: {chromedriverVersion: 125.0.6422.141 (4b1e8393712..., userDataDir: C:\Users\sha94\AppData\Loca...}, fedcm:accounts: true, goog:chromeOptions: {debuggerAddress: localhost:54097}, networkConnectionEnabled: false, pageLoadStrategy: normal, platformName: windows, proxy: Proxy(), se:cdp: ws://localhost:54097/devtoo..., se:cdpVersion: 125.0.6422.142, setWindowRect: true, strictFileInteractability: false, timeouts: {implicit: 0, pageLoad: 300000, script: 30000}, unhandledPromptBehavior: dismiss and notify, webauthn:extension:credBlob: true, webauthn:extension:largeBlob: true, webauthn:extension:minPinLength: true, webauthn:extension:prf: true, webauthn:virtualAuthenticators: true}
Element: [[ChromeDriver: chrome on windows (db4b1d40f3891a75f263188c68156b9d)] -&amp;gt; xpath: (//a[@id=&amp;apos;dropdownMenuPages&amp;apos;])[3]]
Session ID: db4b1d40f3891a75f263188c68156b9d">
      <![CDATA[org.openqa.selenium.ElementClickInterceptedException: element click intercepted: Element <a _ngcontent-kip-c32="" routerlink="/LandingPage/contactus" id="dropdownMenuPages" data-bs-toggle="dropdown" aria-expanded="false" class="nav-link ps-2 d-flex cursor-pointer align-items-center" href="/LandingPage/contactus">...</a> is not clickable at point (1004, 44). Other element would receive the click: <div _ngcontent-kip-c32="" id="exampleModalForm" tabindex="-1" aria-labelledby="exampleModalForm" class="modal fade show" aria-modal="true" role="dialog" style="display: block;">...</div>
  (Session info: chrome=125.0.6422.142)
Build info: version: '4.20.0', revision: '866c76ca80'
System info: os.name: 'Windows 11', os.arch: 'amd64', os.version: '10.0', java.version: '21.0.1'
Driver info: org.openqa.selenium.chrome.ChromeDriver
Command: [db4b1d40f3891a75f263188c68156b9d, clickElement {id=f.75AFE139476CDBE1E622D6AD61632761.d.2461CEFF4E5A7E7A8685A5A45FC0E9F4.e.84}]
Capabilities {acceptInsecureCerts: false, browserName: chrome, browserVersion: 125.0.6422.142, chrome: {chromedriverVersion: 125.0.6422.141 (4b1e8393712..., userDataDir: C:\Users\sha94\AppData\Loca...}, fedcm:accounts: true, goog:chromeOptions: {debuggerAddress: localhost:54097}, networkConnectionEnabled: false, pageLoadStrategy: normal, platformName: windows, proxy: Proxy(), se:cdp: ws://localhost:54097/devtoo..., se:cdpVersion: 125.0.6422.142, setWindowRect: true, strictFileInteractability: false, timeouts: {implicit: 0, pageLoad: 300000, script: 30000}, unhandledPromptBehavior: dismiss and notify, webauthn:extension:credBlob: true, webauthn:extension:largeBlob: true, webauthn:extension:minPinLength: true, webauthn:extension:prf: true, webauthn:virtualAuthenticators: true}
Element: [[ChromeDriver: chrome on windows (db4b1d40f3891a75f263188c68156b9d)] -> xpath: (//a[@id='dropdownMenuPages'])[3]]
Session ID: db4b1d40f3891a75f263188c68156b9d
at org.openqa.selenium.remote.ErrorCodec.decode(ErrorCodec.java:167)
at org.openqa.selenium.remote.codec.w3c.W3CHttpResponseCodec.decode(W3CHttpResponseCodec.java:138)
at org.openqa.selenium.remote.codec.w3c.W3CHttpResponseCodec.decode(W3CHttpResponseCodec.java:50)
at org.openqa.selenium.remote.HttpCommandExecutor.execute(HttpCommandExecutor.java:190)
at org.openqa.selenium.remote.service.DriverCommandExecutor.invokeExecute(DriverCommandExecutor.java:216)
at org.openqa.selenium.remote.service.DriverCommandExecutor.execute(DriverCommandExecutor.java:174)
at org.openqa.selenium.remote.RemoteWebDriver.execute(RemoteWebDriver.java:518)
at org.openqa.selenium.remote.RemoteWebElement.execute(RemoteWebElement.java:223)
at org.openqa.selenium.remote.RemoteWebElement.click(RemoteWebElement.java:76)
at org.openqa.selenium.support.pagefactory.internal.LocatingElementHandler.invoke(LocatingElementHandler.java:51)
at jdk.proxy2/jdk.proxy2.$Proxy15.click(Unknown Source)
at org.ict.pages.ContactUs.clickContactLink(ContactUs.java:46)
at StepDefenition.TestContact.clickContactLink(TestContact.java:34)
at java.base/java.util.ArrayList.forEach(ArrayList.java:1596)
... Removed 30 stack frames]]>
    </failure>
  </testcase> <!-- clickContactLink -->
  <testcase classname="StepDefenition.TestContact" name="submitContactFormSuccessfully" time="0.008">
    <failure type="java.lang.NullPointerException" message="Cannot invoke &amp;quot;java.util.Properties.getProperty(String)&amp;quot; because &amp;quot;this.prop&amp;quot; is null">
      <![CDATA[java.lang.NullPointerException: Cannot invoke "java.util.Properties.getProperty(String)" because "this.prop" is null
at StepDefenition.TestContact.submitContactFormSuccessfully(TestContact.java:45)
at java.base/java.util.ArrayList.forEach(ArrayList.java:1596)
... Removed 25 stack frames]]>
    </failure>
  </testcase> <!-- submitContactFormSuccessfully -->
  <testcase classname="StepDefenition.TestContact" name="BlankForm" time="0.03">
    <failure type="org.openqa.selenium.NoSuchElementException" message="no such element: Unable to locate element: {&amp;quot;method&amp;quot;:&amp;quot;xpath&amp;quot;,&amp;quot;selector&amp;quot;:&amp;quot;//input[@placeholder=&amp;apos;Full Name&amp;apos;]&amp;quot;}
  (Session info: chrome=125.0.6422.142)
For documentation on this error, please visit: https://www.selenium.dev/documentation/webdriver/troubleshooting/errors#no-such-element-exception
Build info: version: &amp;apos;4.20.0&amp;apos;, revision: &amp;apos;866c76ca80&amp;apos;
System info: os.name: &amp;apos;Windows 11&amp;apos;, os.arch: &amp;apos;amd64&amp;apos;, os.version: &amp;apos;10.0&amp;apos;, java.version: &amp;apos;21.0.1&amp;apos;
Driver info: org.openqa.selenium.chrome.ChromeDriver
Command: [db4b1d40f3891a75f263188c68156b9d, findElement {using=xpath, value=//input[@placeholder=&amp;apos;Full Name&amp;apos;]}]
Capabilities {acceptInsecureCerts: false, browserName: chrome, browserVersion: 125.0.6422.142, chrome: {chromedriverVersion: 125.0.6422.141 (4b1e8393712..., userDataDir: C:\Users\sha94\AppData\Loca...}, fedcm:accounts: true, goog:chromeOptions: {debuggerAddress: localhost:54097}, networkConnectionEnabled: false, pageLoadStrategy: normal, platformName: windows, proxy: Proxy(), se:cdp: ws://localhost:54097/devtoo..., se:cdpVersion: 125.0.6422.142, setWindowRect: true, strictFileInteractability: false, timeouts: {implicit: 0, pageLoad: 300000, script: 30000}, unhandledPromptBehavior: dismiss and notify, webauthn:extension:credBlob: true, webauthn:extension:largeBlob: true, webauthn:extension:minPinLength: true, webauthn:extension:prf: true, webauthn:virtualAuthenticators: true}
Session ID: db4b1d40f3891a75f263188c68156b9d">
      <![CDATA[org.openqa.selenium.NoSuchElementException: no such element: Unable to locate element: {"method":"xpath","selector":"//input[@placeholder='Full Name']"}
  (Session info: chrome=125.0.6422.142)
For documentation on this error, please visit: https://www.selenium.dev/documentation/webdriver/troubleshooting/errors#no-such-element-exception
Build info: version: '4.20.0', revision: '866c76ca80'
System info: os.name: 'Windows 11', os.arch: 'amd64', os.version: '10.0', java.version: '21.0.1'
Driver info: org.openqa.selenium.chrome.ChromeDriver
Command: [db4b1d40f3891a75f263188c68156b9d, findElement {using=xpath, value=//input[@placeholder='Full Name']}]
Capabilities {acceptInsecureCerts: false, browserName: chrome, browserVersion: 125.0.6422.142, chrome: {chromedriverVersion: 125.0.6422.141 (4b1e8393712..., userDataDir: C:\Users\sha94\AppData\Loca...}, fedcm:accounts: true, goog:chromeOptions: {debuggerAddress: localhost:54097}, networkConnectionEnabled: false, pageLoadStrategy: normal, platformName: windows, proxy: Proxy(), se:cdp: ws://localhost:54097/devtoo..., se:cdpVersion: 125.0.6422.142, setWindowRect: true, strictFileInteractability: false, timeouts: {implicit: 0, pageLoad: 300000, script: 30000}, unhandledPromptBehavior: dismiss and notify, webauthn:extension:credBlob: true, webauthn:extension:largeBlob: true, webauthn:extension:minPinLength: true, webauthn:extension:prf: true, webauthn:virtualAuthenticators: true}
Session ID: db4b1d40f3891a75f263188c68156b9d
at org.openqa.selenium.remote.ErrorCodec.decode(ErrorCodec.java:167)
at org.openqa.selenium.remote.codec.w3c.W3CHttpResponseCodec.decode(W3CHttpResponseCodec.java:138)
at org.openqa.selenium.remote.codec.w3c.W3CHttpResponseCodec.decode(W3CHttpResponseCodec.java:50)
at org.openqa.selenium.remote.HttpCommandExecutor.execute(HttpCommandExecutor.java:190)
at org.openqa.selenium.remote.service.DriverCommandExecutor.invokeExecute(DriverCommandExecutor.java:216)
at org.openqa.selenium.remote.service.DriverCommandExecutor.execute(DriverCommandExecutor.java:174)
at org.openqa.selenium.remote.RemoteWebDriver.execute(RemoteWebDriver.java:518)
at org.openqa.selenium.remote.ElementLocation$ElementFinder$2.findElement(ElementLocation.java:165)
at org.openqa.selenium.remote.ElementLocation.findElement(ElementLocation.java:59)
at org.openqa.selenium.remote.RemoteWebDriver.findElement(RemoteWebDriver.java:355)
at org.openqa.selenium.remote.RemoteWebDriver.findElement(RemoteWebDriver.java:349)
at org.openqa.selenium.support.pagefactory.DefaultElementLocator.findElement(DefaultElementLocator.java:68)
at org.openqa.selenium.support.pagefactory.internal.LocatingElementHandler.invoke(LocatingElementHandler.java:38)
at jdk.proxy2/jdk.proxy2.$Proxy15.sendKeys(Unknown Source)
at org.ict.pages.ContactUs.setName(ContactUs.java:50)
at StepDefenition.TestContact.BlankForm(TestContact.java:95)
at java.base/java.util.ArrayList.forEach(ArrayList.java:1596)
... Removed 28 stack frames]]>
    </failure>
  </testcase> <!-- BlankForm -->
  <testcase classname="StepDefenition.TestContact" name="InvalidEmail" time="0.0">
    <failure type="java.lang.NullPointerException" message="Cannot invoke &amp;quot;java.util.Properties.getProperty(String)&amp;quot; because &amp;quot;this.prop&amp;quot; is null">
      <![CDATA[java.lang.NullPointerException: Cannot invoke "java.util.Properties.getProperty(String)" because "this.prop" is null
at StepDefenition.TestContact.InvalidEmail(TestContact.java:81)
at java.base/java.util.ArrayList.forEach(ArrayList.java:1596)
... Removed 25 stack frames]]>
    </failure>
  </testcase> <!-- InvalidEmail -->
  <testcase classname="StepDefenition.TestAboutUs" name="aboutLink" time="1.15">
    <failure type="org.openqa.selenium.ElementClickInterceptedException" message="element click intercepted: Element &amp;lt;a _ngcontent-kip-c32=&amp;quot;&amp;quot; routerlink=&amp;quot;/LandingPage/about&amp;quot; id=&amp;quot;dropdownMenuPages&amp;quot; data-bs-toggle=&amp;quot;dropdown&amp;quot; aria-expanded=&amp;quot;false&amp;quot; class=&amp;quot;nav-link ps-2 d-flex cursor-pointer align-items-center&amp;quot; href=&amp;quot;/LandingPage/about&amp;quot;&amp;gt;...&amp;lt;/a&amp;gt; is not clickable at point (485, 44). Other element would receive the click: &amp;lt;div _ngcontent-kip-c32=&amp;quot;&amp;quot; id=&amp;quot;exampleModalForm&amp;quot; tabindex=&amp;quot;-1&amp;quot; aria-labelledby=&amp;quot;exampleModalForm&amp;quot; class=&amp;quot;modal fade show&amp;quot; aria-modal=&amp;quot;true&amp;quot; role=&amp;quot;dialog&amp;quot; style=&amp;quot;display: block;&amp;quot;&amp;gt;...&amp;lt;/div&amp;gt;
  (Session info: chrome=125.0.6422.142)
Build info: version: &amp;apos;4.20.0&amp;apos;, revision: &amp;apos;866c76ca80&amp;apos;
System info: os.name: &amp;apos;Windows 11&amp;apos;, os.arch: &amp;apos;amd64&amp;apos;, os.version: &amp;apos;10.0&amp;apos;, java.version: &amp;apos;21.0.1&amp;apos;
Driver info: org.openqa.selenium.chrome.ChromeDriver
Command: [db4b1d40f3891a75f263188c68156b9d, clickElement {id=f.75AFE139476CDBE1E622D6AD61632761.d.2461CEFF4E5A7E7A8685A5A45FC0E9F4.e.85}]
Capabilities {acceptInsecureCerts: false, browserName: chrome, browserVersion: 125.0.6422.142, chrome: {chromedriverVersion: 125.0.6422.141 (4b1e8393712..., userDataDir: C:\Users\sha94\AppData\Loca...}, fedcm:accounts: true, goog:chromeOptions: {debuggerAddress: localhost:54097}, networkConnectionEnabled: false, pageLoadStrategy: normal, platformName: windows, proxy: Proxy(), se:cdp: ws://localhost:54097/devtoo..., se:cdpVersion: 125.0.6422.142, setWindowRect: true, strictFileInteractability: false, timeouts: {implicit: 0, pageLoad: 300000, script: 30000}, unhandledPromptBehavior: dismiss and notify, webauthn:extension:credBlob: true, webauthn:extension:largeBlob: true, webauthn:extension:minPinLength: true, webauthn:extension:prf: true, webauthn:virtualAuthenticators: true}
Element: [[ChromeDriver: chrome on windows (db4b1d40f3891a75f263188c68156b9d)] -&amp;gt; xpath: (//a[@id=&amp;apos;dropdownMenuPages&amp;apos;])[2]]
Session ID: db4b1d40f3891a75f263188c68156b9d">
      <![CDATA[org.openqa.selenium.ElementClickInterceptedException: element click intercepted: Element <a _ngcontent-kip-c32="" routerlink="/LandingPage/about" id="dropdownMenuPages" data-bs-toggle="dropdown" aria-expanded="false" class="nav-link ps-2 d-flex cursor-pointer align-items-center" href="/LandingPage/about">...</a> is not clickable at point (485, 44). Other element would receive the click: <div _ngcontent-kip-c32="" id="exampleModalForm" tabindex="-1" aria-labelledby="exampleModalForm" class="modal fade show" aria-modal="true" role="dialog" style="display: block;">...</div>
  (Session info: chrome=125.0.6422.142)
Build info: version: '4.20.0', revision: '866c76ca80'
System info: os.name: 'Windows 11', os.arch: 'amd64', os.version: '10.0', java.version: '21.0.1'
Driver info: org.openqa.selenium.chrome.ChromeDriver
Command: [db4b1d40f3891a75f263188c68156b9d, clickElement {id=f.75AFE139476CDBE1E622D6AD61632761.d.2461CEFF4E5A7E7A8685A5A45FC0E9F4.e.85}]
Capabilities {acceptInsecureCerts: false, browserName: chrome, browserVersion: 125.0.6422.142, chrome: {chromedriverVersion: 125.0.6422.141 (4b1e8393712..., userDataDir: C:\Users\sha94\AppData\Loca...}, fedcm:accounts: true, goog:chromeOptions: {debuggerAddress: localhost:54097}, networkConnectionEnabled: false, pageLoadStrategy: normal, platformName: windows, proxy: Proxy(), se:cdp: ws://localhost:54097/devtoo..., se:cdpVersion: 125.0.6422.142, setWindowRect: true, strictFileInteractability: false, timeouts: {implicit: 0, pageLoad: 300000, script: 30000}, unhandledPromptBehavior: dismiss and notify, webauthn:extension:credBlob: true, webauthn:extension:largeBlob: true, webauthn:extension:minPinLength: true, webauthn:extension:prf: true, webauthn:virtualAuthenticators: true}
Element: [[ChromeDriver: chrome on windows (db4b1d40f3891a75f263188c68156b9d)] -> xpath: (//a[@id='dropdownMenuPages'])[2]]
Session ID: db4b1d40f3891a75f263188c68156b9d
at org.openqa.selenium.remote.ErrorCodec.decode(ErrorCodec.java:167)
at org.openqa.selenium.remote.codec.w3c.W3CHttpResponseCodec.decode(W3CHttpResponseCodec.java:138)
at org.openqa.selenium.remote.codec.w3c.W3CHttpResponseCodec.decode(W3CHttpResponseCodec.java:50)
at org.openqa.selenium.remote.HttpCommandExecutor.execute(HttpCommandExecutor.java:190)
at org.openqa.selenium.remote.service.DriverCommandExecutor.invokeExecute(DriverCommandExecutor.java:216)
at org.openqa.selenium.remote.service.DriverCommandExecutor.execute(DriverCommandExecutor.java:174)
at org.openqa.selenium.remote.RemoteWebDriver.execute(RemoteWebDriver.java:518)
at org.openqa.selenium.remote.RemoteWebElement.execute(RemoteWebElement.java:223)
at org.openqa.selenium.remote.RemoteWebElement.click(RemoteWebElement.java:76)
at org.openqa.selenium.support.pagefactory.internal.LocatingElementHandler.invoke(LocatingElementHandler.java:51)
at jdk.proxy2/jdk.proxy2.$Proxy15.click(Unknown Source)
at org.ict.pages.AboutUs.clickAboutLink(AboutUs.java:23)
at StepDefenition.TestAboutUs.aboutLink(TestAboutUs.java:17)
at java.base/java.util.ArrayList.forEach(ArrayList.java:1596)
... Removed 30 stack frames]]>
    </failure>
  </testcase> <!-- aboutLink -->
  <testcase classname="StepDefenition.TestAboutUs" name="verifyAboutUsLink" time="1.091">
    <failure type="org.openqa.selenium.ElementClickInterceptedException" message="element click intercepted: Element &amp;lt;a _ngcontent-kip-c32=&amp;quot;&amp;quot; routerlink=&amp;quot;/LandingPage/about&amp;quot; id=&amp;quot;dropdownMenuPages&amp;quot; data-bs-toggle=&amp;quot;dropdown&amp;quot; aria-expanded=&amp;quot;false&amp;quot; class=&amp;quot;nav-link ps-2 d-flex cursor-pointer align-items-center&amp;quot; href=&amp;quot;/LandingPage/about&amp;quot;&amp;gt;...&amp;lt;/a&amp;gt; is not clickable at point (485, 44). Other element would receive the click: &amp;lt;div _ngcontent-kip-c32=&amp;quot;&amp;quot; id=&amp;quot;exampleModalForm&amp;quot; tabindex=&amp;quot;-1&amp;quot; aria-labelledby=&amp;quot;exampleModalForm&amp;quot; class=&amp;quot;modal fade show&amp;quot; aria-modal=&amp;quot;true&amp;quot; role=&amp;quot;dialog&amp;quot; style=&amp;quot;display: block;&amp;quot;&amp;gt;...&amp;lt;/div&amp;gt;
  (Session info: chrome=125.0.6422.142)
Build info: version: &amp;apos;4.20.0&amp;apos;, revision: &amp;apos;866c76ca80&amp;apos;
System info: os.name: &amp;apos;Windows 11&amp;apos;, os.arch: &amp;apos;amd64&amp;apos;, os.version: &amp;apos;10.0&amp;apos;, java.version: &amp;apos;21.0.1&amp;apos;
Driver info: org.openqa.selenium.chrome.ChromeDriver
Command: [db4b1d40f3891a75f263188c68156b9d, clickElement {id=f.75AFE139476CDBE1E622D6AD61632761.d.2461CEFF4E5A7E7A8685A5A45FC0E9F4.e.85}]
Capabilities {acceptInsecureCerts: false, browserName: chrome, browserVersion: 125.0.6422.142, chrome: {chromedriverVersion: 125.0.6422.141 (4b1e8393712..., userDataDir: C:\Users\sha94\AppData\Loca...}, fedcm:accounts: true, goog:chromeOptions: {debuggerAddress: localhost:54097}, networkConnectionEnabled: false, pageLoadStrategy: normal, platformName: windows, proxy: Proxy(), se:cdp: ws://localhost:54097/devtoo..., se:cdpVersion: 125.0.6422.142, setWindowRect: true, strictFileInteractability: false, timeouts: {implicit: 0, pageLoad: 300000, script: 30000}, unhandledPromptBehavior: dismiss and notify, webauthn:extension:credBlob: true, webauthn:extension:largeBlob: true, webauthn:extension:minPinLength: true, webauthn:extension:prf: true, webauthn:virtualAuthenticators: true}
Element: [[ChromeDriver: chrome on windows (db4b1d40f3891a75f263188c68156b9d)] -&amp;gt; xpath: (//a[@id=&amp;apos;dropdownMenuPages&amp;apos;])[2]]
Session ID: db4b1d40f3891a75f263188c68156b9d">
      <![CDATA[org.openqa.selenium.ElementClickInterceptedException: element click intercepted: Element <a _ngcontent-kip-c32="" routerlink="/LandingPage/about" id="dropdownMenuPages" data-bs-toggle="dropdown" aria-expanded="false" class="nav-link ps-2 d-flex cursor-pointer align-items-center" href="/LandingPage/about">...</a> is not clickable at point (485, 44). Other element would receive the click: <div _ngcontent-kip-c32="" id="exampleModalForm" tabindex="-1" aria-labelledby="exampleModalForm" class="modal fade show" aria-modal="true" role="dialog" style="display: block;">...</div>
  (Session info: chrome=125.0.6422.142)
Build info: version: '4.20.0', revision: '866c76ca80'
System info: os.name: 'Windows 11', os.arch: 'amd64', os.version: '10.0', java.version: '21.0.1'
Driver info: org.openqa.selenium.chrome.ChromeDriver
Command: [db4b1d40f3891a75f263188c68156b9d, clickElement {id=f.75AFE139476CDBE1E622D6AD61632761.d.2461CEFF4E5A7E7A8685A5A45FC0E9F4.e.85}]
Capabilities {acceptInsecureCerts: false, browserName: chrome, browserVersion: 125.0.6422.142, chrome: {chromedriverVersion: 125.0.6422.141 (4b1e8393712..., userDataDir: C:\Users\sha94\AppData\Loca...}, fedcm:accounts: true, goog:chromeOptions: {debuggerAddress: localhost:54097}, networkConnectionEnabled: false, pageLoadStrategy: normal, platformName: windows, proxy: Proxy(), se:cdp: ws://localhost:54097/devtoo..., se:cdpVersion: 125.0.6422.142, setWindowRect: true, strictFileInteractability: false, timeouts: {implicit: 0, pageLoad: 300000, script: 30000}, unhandledPromptBehavior: dismiss and notify, webauthn:extension:credBlob: true, webauthn:extension:largeBlob: true, webauthn:extension:minPinLength: true, webauthn:extension:prf: true, webauthn:virtualAuthenticators: true}
Element: [[ChromeDriver: chrome on windows (db4b1d40f3891a75f263188c68156b9d)] -> xpath: (//a[@id='dropdownMenuPages'])[2]]
Session ID: db4b1d40f3891a75f263188c68156b9d
at org.openqa.selenium.remote.ErrorCodec.decode(ErrorCodec.java:167)
at org.openqa.selenium.remote.codec.w3c.W3CHttpResponseCodec.decode(W3CHttpResponseCodec.java:138)
at org.openqa.selenium.remote.codec.w3c.W3CHttpResponseCodec.decode(W3CHttpResponseCodec.java:50)
at org.openqa.selenium.remote.HttpCommandExecutor.execute(HttpCommandExecutor.java:190)
at org.openqa.selenium.remote.service.DriverCommandExecutor.invokeExecute(DriverCommandExecutor.java:216)
at org.openqa.selenium.remote.service.DriverCommandExecutor.execute(DriverCommandExecutor.java:174)
at org.openqa.selenium.remote.RemoteWebDriver.execute(RemoteWebDriver.java:518)
at org.openqa.selenium.remote.RemoteWebElement.execute(RemoteWebElement.java:223)
at org.openqa.selenium.remote.RemoteWebElement.click(RemoteWebElement.java:76)
at org.openqa.selenium.support.pagefactory.internal.LocatingElementHandler.invoke(LocatingElementHandler.java:51)
at jdk.proxy2/jdk.proxy2.$Proxy15.click(Unknown Source)
at org.ict.pages.AboutUs.clickAboutLink(AboutUs.java:23)
at StepDefenition.TestAboutUs.verifyAboutUsLink(TestAboutUs.java:25)
at java.base/java.util.ArrayList.forEach(ArrayList.java:1596)
... Removed 30 stack frames]]>
    </failure>
  </testcase> <!-- verifyAboutUsLink -->
  <testcase classname="org.ict.base.TestBase" name="@BeforeTest initialiseDriver" time="0.0">
    <ignored/>
  </testcase> <!-- @BeforeTest initialiseDriver -->
  <testcase classname="org.ict.base.TestBase" name="@BeforeTest initialiseDriver" time="0.0">
    <ignored/>
  </testcase> <!-- @BeforeTest initialiseDriver -->
  <testcase classname="org.ict.base.TestBase" name="@BeforeTest initialiseDriver" time="0.0">
    <ignored/>
  </testcase> <!-- @BeforeTest initialiseDriver -->
  <testcase classname="org.ict.base.TestBase" name="@AfterTest tearDown" time="0.0">
    <ignored/>
  </testcase> <!-- @AfterTest tearDown -->
  <testcase classname="org.ict.base.TestBase" name="@AfterTest tearDown" time="0.0">
    <ignored/>
  </testcase> <!-- @AfterTest tearDown -->
  <testcase classname="org.ict.base.TestBase" name="@AfterTest tearDown" time="0.0">
    <ignored/>
  </testcase> <!-- @AfterTest tearDown -->
</testsuite> <!-- Test -->
